<?xml version="1.0" encoding="UTF-8"?>
<!-- Generated by org.testng.reporters.JUnitXMLReporter -->
<testsuite ignored="0" hostname="DESKTOP-OTNR5O8" failures="0" tests="1" name="Surefire test" time="0.614" errors="0" timestamp="08 Jan 2019 21:09:26 GMT">
  <testcase classname="base.BaseUtil" name="@BeforeMethod setup" time="0.527">
    <failure type="java.lang.IllegalStateException" message="The driver executable does not exist: C:\Users\orfat\Desktop\GroupFrameworkTeam11\Generic\Driver\chromedriver.exe">
      <![CDATA[java.lang.IllegalStateException: The driver executable does not exist: C:\Users\orfat\Desktop\GroupFrameworkTeam11\Generic\Driver\chromedriver.exe
at com.google.common.base.Preconditions.checkState(Preconditions.java:585)
at org.openqa.selenium.remote.service.DriverService.checkExecutable(DriverService.java:137)
at org.openqa.selenium.remote.service.DriverService.findExecutable(DriverService.java:132)
at org.openqa.selenium.chrome.ChromeDriverService.access$000(ChromeDriverService.java:35)
at org.openqa.selenium.chrome.ChromeDriverService$Builder.findDefaultExecutable(ChromeDriverService.java:156)
at org.openqa.selenium.remote.service.DriverService$Builder.build(DriverService.java:346)
at org.openqa.selenium.chrome.ChromeDriverService.createDefaultService(ChromeDriverService.java:91)
at org.openqa.selenium.chrome.ChromeDriver.<init>(ChromeDriver.java:123)
at base.BaseUtil.setup(BaseUtil.java:47)
... Removed 33 stack frames]]>
    </failure>
  </testcase> <!-- @BeforeMethod setup -->
  <testcase classname="base.BaseUtil" name="@BeforeMethod startExtent" time="0.0">
    <skipped/>
  </testcase> <!-- @BeforeMethod startExtent -->
  <testcase classname="testingpage.TestMainPage" name="@BeforeMethod initElements" time="0.0">
    <skipped/>
  </testcase> <!-- @BeforeMethod initElements -->
  <testcase classname="base.BaseUtil" name="@AfterMethod afterEachTestMethod" time="0.0">
    <skipped/>
  </testcase> <!-- @AfterMethod afterEachTestMethod -->
  <testcase classname="testingpage.TestMainPage" name="testgoForGrocery" time="0.0">
    <skipped/>
  </testcase> <!-- testgoForGrocery -->
</testsuite> <!-- Surefire test -->
